0 info it worked if it ends with ok
1 verbose cli [ 'node', '/usr/local/bin/npm', 'install', '-g', 'coffee-script' ]
2 info using npm@2.0.0-alpha-5
3 info using node@v0.10.28
4 verbose node symlink /usr/local/bin/node
5 verbose cache add [ 'coffee-script', null ]
6 verbose cache add spec="coffee-script" args=["coffee-script",null]
7 verbose parsed spec { raw: 'coffee-script',
7 verbose parsed spec   scope: null,
7 verbose parsed spec   name: 'coffee-script',
7 verbose parsed spec   rawSpec: '',
7 verbose parsed spec   spec: '*',
7 verbose parsed spec   type: 'range' }
8 verbose addNamed [ 'coffee-script', '*' ]
9 verbose addNamed [ null, '*' ]
10 silly lockFile 7281919f-coffee-script coffee-script@*
11 verbose lock coffee-script@* /Users/tenphi/.npm/7281919f-coffee-script.lock
12 silly addNameRange { name: 'coffee-script', range: '*', hasData: false }
13 verbose mapToRegistry name coffee-script
14 verbose mapToRegistry uri https://registry.npmjs.org/coffee-script
15 verbose request where is /coffee-script
16 verbose request registry https://registry.npmjs.org/
17 verbose request id e57ac8d0027d7191
18 verbose request url raw /coffee-script
19 verbose request url resolving [ 'https://registry.npmjs.org/', './coffee-script' ]
20 verbose request url resolved https://registry.npmjs.org/coffee-script
21 verbose request where is https://registry.npmjs.org/coffee-script
22 verbose request no basic auth needed
23 info trying registry request attempt 1 at 23:23:24
24 verbose etag "BDCCVZ7OGMMTN45C5NWNFR7ZO"
25 http GET https://registry.npmjs.org/coffee-script
26 http 304 https://registry.npmjs.org/coffee-script
27 silly registry.get cb [ 304,
27 silly registry.get   { date: 'Mon, 24 Nov 2014 20:23:25 GMT',
27 silly registry.get     server: 'Apache',
27 silly registry.get     via: '1.1 varnish',
27 silly registry.get     'last-modified': 'Mon, 24 Nov 2014 20:23:25 GMT',
27 silly registry.get     'cache-control': 'max-age=60',
27 silly registry.get     etag: '"BDCCVZ7OGMMTN45C5NWNFR7ZO"',
27 silly registry.get     age: '21',
27 silly registry.get     'x-served-by': 'cache-ams4148-AMS',
27 silly registry.get     'x-cache': 'HIT',
27 silly registry.get     'x-cache-hits': '1',
27 silly registry.get     'x-timer': 'S1416860605.155879,VS0,VE0',
27 silly registry.get     vary: 'Accept',
27 silly registry.get     'content-length': '0',
27 silly registry.get     'keep-alive': 'timeout=10, max=50',
27 silly registry.get     connection: 'Keep-Alive' } ]
28 verbose etag https://registry.npmjs.org/coffee-script from cache
29 silly addNameRange number 2 { name: 'coffee-script', range: '*', hasData: true }
30 silly addNameRange versions [ 'coffee-script',
30 silly addNameRange   [ '0.7.0',
30 silly addNameRange     '0.7.1',
30 silly addNameRange     '0.7.2',
30 silly addNameRange     '0.9.0',
30 silly addNameRange     '0.9.1',
30 silly addNameRange     '0.9.2',
30 silly addNameRange     '0.9.3',
30 silly addNameRange     '0.9.4',
30 silly addNameRange     '0.9.5',
30 silly addNameRange     '0.9.6',
30 silly addNameRange     '1.0.0',
30 silly addNameRange     '1.0.1',
30 silly addNameRange     '1.1.0',
30 silly addNameRange     '1.1.1',
30 silly addNameRange     '1.1.2',
30 silly addNameRange     '1.1.3',
30 silly addNameRange     '1.2.0',
30 silly addNameRange     '1.3.0',
30 silly addNameRange     '1.3.1',
30 silly addNameRange     '1.3.2',
30 silly addNameRange     '1.3.3',
30 silly addNameRange     '1.4.0',
30 silly addNameRange     '1.5.0',
30 silly addNameRange     '1.6.0',
30 silly addNameRange     '1.6.1',
30 silly addNameRange     '1.6.2',
30 silly addNameRange     '1.6.3',
30 silly addNameRange     '1.7.0',
30 silly addNameRange     '1.7.1',
30 silly addNameRange     '1.8.0' ] ]
31 verbose addNamed [ 'coffee-script', '1.8.0' ]
32 verbose addNamed [ '1.8.0', '1.8.0' ]
33 silly lockFile d0d79082-coffee-script-1-8-0 coffee-script@1.8.0
34 verbose lock coffee-script@1.8.0 /Users/tenphi/.npm/d0d79082-coffee-script-1-8-0.lock
35 silly lockFile d0d79082-coffee-script-1-8-0 coffee-script@1.8.0
36 silly lockFile d0d79082-coffee-script-1-8-0 coffee-script@1.8.0
37 silly lockFile 7281919f-coffee-script coffee-script@*
38 silly lockFile 7281919f-coffee-script coffee-script@*
39 silly resolved [ { name: 'coffee-script',
39 silly resolved     description: 'Unfancy JavaScript',
39 silly resolved     keywords: [ 'javascript', 'language', 'coffeescript', 'compiler' ],
39 silly resolved     author: { name: 'Jeremy Ashkenas' },
39 silly resolved     version: '1.8.0',
39 silly resolved     license: 'MIT',
39 silly resolved     engines: { node: '>=0.8.0' },
39 silly resolved     directories: { lib: './lib/coffee-script' },
39 silly resolved     main: './lib/coffee-script/coffee-script',
39 silly resolved     bin: { coffee: './bin/coffee', cake: './bin/cake' },
39 silly resolved     preferGlobal: true,
39 silly resolved     scripts: { test: 'node ./bin/cake test' },
39 silly resolved     homepage: 'http://coffeescript.org',
39 silly resolved     bugs: { url: 'https://github.com/jashkenas/coffeescript/issues' },
39 silly resolved     repository:
39 silly resolved      { type: 'git',
39 silly resolved        url: 'git://github.com/jashkenas/coffeescript.git' },
39 silly resolved     devDependencies:
39 silly resolved      { 'uglify-js': '~2.2',
39 silly resolved        jison: '>=0.2.0',
39 silly resolved        'highlight.js': '~8.0.0',
39 silly resolved        underscore: '~1.5.2',
39 silly resolved        docco: '~0.6.2' },
39 silly resolved     dependencies: { mkdirp: '~0.3.5' },
39 silly resolved     _id: 'coffee-script@1.8.0',
39 silly resolved     dist:
39 silly resolved      { shasum: '9c9f1d2b4a52a000ded15b659791703648263c1d',
39 silly resolved        tarball: 'http://registry.npmjs.org/coffee-script/-/coffee-script-1.8.0.tgz' },
39 silly resolved     _from: 'coffee-script@*',
39 silly resolved     _npmVersion: '1.3.21',
39 silly resolved     _npmUser: { name: 'jashkenas', email: 'jashkenas@gmail.com' },
39 silly resolved     maintainers: [ [Object], [Object] ],
39 silly resolved     _shasum: '9c9f1d2b4a52a000ded15b659791703648263c1d',
39 silly resolved     _resolved: 'https://registry.npmjs.org/coffee-script/-/coffee-script-1.8.0.tgz',
39 silly resolved     readme: 'ERROR: No README data found!' } ]
40 info install coffee-script@1.8.0 into /usr/local/lib
41 info installOne coffee-script@1.8.0
42 verbose lib/node_modules/coffee-script unbuild
43 info preuninstall coffee-script@1.8.0
44 info uninstall coffee-script@1.8.0
45 verbose true,/usr/local/lib/node_modules,/usr/local/lib/node_modules unbuild coffee-script@1.8.0
46 verbose /usr/local/bin,[object Object] binRoot
47 verbose gentlyRm verifying that /usr/local/lib/node_modules/coffee-script is managed by npm
48 verbose gentlyRm verifying that /usr/local/lib/node_modules/coffee-script is managed by npm
49 silly cacheAndTest /usr/local/lib/node_modules/coffee-script is inside /usr/local/lib/node_modules
50 silly gentlyRm /usr/local/lib/node_modules/coffee-script is managed by npm
51 silly gentlyRm /usr/local/bin/coffee is not under /usr/local/lib/node_modules/coffee-script
52 silly gentlyRm checking to see if /usr/local/bin/coffee is a link
53 silly cacheAndTest /usr/local/lib/node_modules/coffee-script is inside /usr/local/lib/node_modules
54 silly gentlyRm /usr/local/lib/node_modules/coffee-script is managed by npm
55 silly gentlyRm /usr/local/bin/cake is not under /usr/local/lib/node_modules/coffee-script
56 silly gentlyRm checking to see if /usr/local/bin/cake is a link
57 silly gentlyRm /usr/local/bin/coffee is a link
58 silly gentlyRm /usr/local/bin/cake is a link
59 silly gentlyRm /usr/local/lib/node_modules/coffee-script/bin/coffee inside /usr/local/lib/node_modules/coffee-script
60 verbose gentlyRm vacuuming /usr/local/bin/coffee
61 silly gentlyRm /usr/local/lib/node_modules/coffee-script/bin/cake inside /usr/local/lib/node_modules/coffee-script
62 verbose gentlyRm vacuuming /usr/local/bin/cake
63 silly gentlyRm removing /usr/local/bin/coffee
64 silly gentlyRm removing /usr/local/bin/cake
65 silly gentlyRm quitting because other entries in /usr/local/bin
66 silly gentlyRm quitting because other entries in /usr/local/bin
67 info postuninstall coffee-script@1.8.0
68 verbose gentlyRm vacuuming /usr/local/lib/node_modules/coffee-script
69 silly gentlyRm purging /usr/local/lib/node_modules/coffee-script
70 verbose lib/node_modules/coffee-script unbuild
71 info preuninstall coffee-script@1.8.0
72 info uninstall coffee-script@1.8.0
73 verbose true,/usr/local/lib/node_modules,/usr/local/lib/node_modules unbuild coffee-script@1.8.0
74 verbose /usr/local/bin,[object Object] binRoot
75 verbose gentlyRm verifying that /usr/local/lib/node_modules/coffee-script is managed by npm
76 silly isManaged /usr/local/lib/node_modules/coffee-script is inside /usr/local/lib/node_modules
77 verbose gentlyRm verifying that /usr/local/lib/node_modules/coffee-script is managed by npm
78 silly isManaged /usr/local/lib/node_modules/coffee-script is inside /usr/local/lib/node_modules
79 silly gentlyRm /usr/local/lib/node_modules/coffee-script is managed by npm
80 silly gentlyRm /usr/local/bin/coffee is not under /usr/local/lib/node_modules/coffee-script
81 silly gentlyRm checking to see if /usr/local/bin/coffee is a link
82 silly gentlyRm /usr/local/lib/node_modules/coffee-script is managed by npm
83 silly gentlyRm /usr/local/bin/cake is not under /usr/local/lib/node_modules/coffee-script
84 silly gentlyRm checking to see if /usr/local/bin/cake is a link
85 info postuninstall coffee-script@1.8.0
86 verbose gentlyRm vacuuming /usr/local/lib/node_modules/coffee-script
87 silly gentlyRm purging /usr/local/lib/node_modules/coffee-script
88 error error rolling back Error: EACCES, unlink '/usr/local/lib/node_modules/coffee-script/.npmignore'
88 error error rolling back  coffee-script@1.8.0 { [Error: EACCES, unlink '/usr/local/lib/node_modules/coffee-script/.npmignore']
88 error error rolling back   errno: 3,
88 error error rolling back   code: 'EACCES',
88 error error rolling back   path: '/usr/local/lib/node_modules/coffee-script/.npmignore' }
89 error Error: EACCES, unlink '/usr/local/lib/node_modules/coffee-script/.npmignore'
89 error  { [Error: EACCES, unlink '/usr/local/lib/node_modules/coffee-script/.npmignore']
89 error   errno: 3,
89 error   code: 'EACCES',
89 error   path: '/usr/local/lib/node_modules/coffee-script/.npmignore' }
90 error Please try running this command again as root/Administrator.
91 error System Darwin 14.0.0
92 error command "node" "/usr/local/bin/npm" "install" "-g" "coffee-script"
93 error cwd /Users/tenphi/tmp/wdio-pack
94 error node -v v0.10.28
95 error npm -v 2.0.0-alpha-5
96 error path /usr/local/lib/node_modules/coffee-script/.npmignore
97 error code EACCES
98 error errno 3
99 error stack Error: EACCES, unlink '/usr/local/lib/node_modules/coffee-script/.npmignore'
100 verbose exit [ 3, true ]
